<?xml version="1.0" encoding="UTF-8"?>
<testng-results ignored="0" total="14" passed="14" failed="0" skipped="0">
  <reporter-output>
  </reporter-output>
  <suite started-at="2024-01-09T21:01:48 IST" name="PetSuite" finished-at="2024-01-09T21:02:17 IST" duration-ms="29203">
    <groups>
    </groups>
    <test started-at="2024-01-09T21:01:48 IST" name="PetTests" finished-at="2024-01-09T21:02:17 IST" duration-ms="29203">
      <class name="api.tests.UserTests">
        <test-method is-config="true" signature="setupData()[pri:0, instance:api.tests.UserTests@26d9b808]" started-at="2024-01-09T21:01:48 IST" name="setupData" finished-at="2024-01-09T21:01:49 IST" duration-ms="956" status="PASS">
          <reporter-output>
          </reporter-output>
        </test-method> <!-- setupData -->
        <test-method signature="testPostUser()[pri:0, instance:api.tests.UserTests@26d9b808]" started-at="2024-01-09T21:01:49 IST" name="testPostUser" finished-at="2024-01-09T21:01:58 IST" duration-ms="8394" status="PASS">
          <reporter-output>
          </reporter-output>
        </test-method> <!-- testPostUser -->
        <test-method signature="testGetUserByName()[pri:0, instance:api.tests.UserTests@26d9b808]" started-at="2024-01-09T21:01:58 IST" name="testGetUserByName" finished-at="2024-01-09T21:01:59 IST" depends-on-methods="api.tests.UserTests.testPostUser" duration-ms="1336" status="PASS">
          <reporter-output>
          </reporter-output>
        </test-method> <!-- testGetUserByName -->
        <test-method signature="testUserUpdateUserByFirstName()[pri:0, instance:api.tests.UserTests@26d9b808]" started-at="2024-01-09T21:01:59 IST" name="testUserUpdateUserByFirstName" finished-at="2024-01-09T21:02:02 IST" depends-on-methods="api.tests.UserTests.testGetUserByName" duration-ms="2473" status="PASS">
          <reporter-output>
          </reporter-output>
        </test-method> <!-- testUserUpdateUserByFirstName -->
        <test-method signature="testDeleteUserByUserName()[pri:0, instance:api.tests.UserTests@26d9b808]" started-at="2024-01-09T21:02:02 IST" name="testDeleteUserByUserName" finished-at="2024-01-09T21:02:03 IST" depends-on-methods="api.tests.UserTests.testUserUpdateUserByFirstName" duration-ms="1223" status="PASS">
          <reporter-output>
          </reporter-output>
        </test-method> <!-- testDeleteUserByUserName -->
      </class> <!-- api.tests.UserTests -->
      <class name="api.tests.testDataProvider">
        <test-method signature="testPostUser(java.lang.String,java.lang.String,java.lang.String,java.lang.String,java.lang.String,java.lang.String,java.lang.String)[pri:1, instance:api.tests.testDataProvider@6892b3b6]" started-at="2024-01-09T21:02:04 IST" name="testPostUser" data-provider="Data" finished-at="2024-01-09T21:02:06 IST" duration-ms="1234" status="PASS">
          <params>
            <param index="0">
              <value>
                <![CDATA[12345010]]>
              </value>
            </param>
            <param index="1">
              <value>
                <![CDATA[testUser1]]>
              </value>
            </param>
            <param index="2">
              <value>
                <![CDATA[John]]>
              </value>
            </param>
            <param index="3">
              <value>
                <![CDATA[Canedy]]>
              </value>
            </param>
            <param index="4">
              <value>
                <![CDATA[a@gmail.com]]>
              </value>
            </param>
            <param index="5">
              <value>
                <![CDATA[test@1]]>
              </value>
            </param>
            <param index="6">
              <value>
                <![CDATA[1234567897]]>
              </value>
            </param>
          </params>
          <reporter-output>
          </reporter-output>
        </test-method> <!-- testPostUser -->
        <test-method signature="testPostUser(java.lang.String,java.lang.String,java.lang.String,java.lang.String,java.lang.String,java.lang.String,java.lang.String)[pri:1, instance:api.tests.testDataProvider@6892b3b6]" started-at="2024-01-09T21:02:06 IST" name="testPostUser" data-provider="Data" finished-at="2024-01-09T21:02:07 IST" duration-ms="1149" status="PASS">
          <params>
            <param index="0">
              <value>
                <![CDATA[12345011]]>
              </value>
            </param>
            <param index="1">
              <value>
                <![CDATA[testUser2]]>
              </value>
            </param>
            <param index="2">
              <value>
                <![CDATA[Kim]]>
              </value>
            </param>
            <param index="3">
              <value>
                <![CDATA[Kom]]>
              </value>
            </param>
            <param index="4">
              <value>
                <![CDATA[b@gmail.com]]>
              </value>
            </param>
            <param index="5">
              <value>
                <![CDATA[test@2]]>
              </value>
            </param>
            <param index="6">
              <value>
                <![CDATA[1234567897]]>
              </value>
            </param>
          </params>
          <reporter-output>
          </reporter-output>
        </test-method> <!-- testPostUser -->
        <test-method signature="testPostUser(java.lang.String,java.lang.String,java.lang.String,java.lang.String,java.lang.String,java.lang.String,java.lang.String)[pri:1, instance:api.tests.testDataProvider@6892b3b6]" started-at="2024-01-09T21:02:07 IST" name="testPostUser" data-provider="Data" finished-at="2024-01-09T21:02:08 IST" duration-ms="1142" status="PASS">
          <params>
            <param index="0">
              <value>
                <![CDATA[12345012]]>
              </value>
            </param>
            <param index="1">
              <value>
                <![CDATA[testUser3]]>
              </value>
            </param>
            <param index="2">
              <value>
                <![CDATA[Smith]]>
              </value>
            </param>
            <param index="3">
              <value>
                <![CDATA[Steve]]>
              </value>
            </param>
            <param index="4">
              <value>
                <![CDATA[c@gmail.com]]>
              </value>
            </param>
            <param index="5">
              <value>
                <![CDATA[test@3]]>
              </value>
            </param>
            <param index="6">
              <value>
                <![CDATA[1234567897]]>
              </value>
            </param>
          </params>
          <reporter-output>
          </reporter-output>
        </test-method> <!-- testPostUser -->
        <test-method signature="testDeleteUser(java.lang.String)[pri:0, instance:api.tests.testDataProvider@6892b3b6]" started-at="2024-01-09T21:02:08 IST" name="testDeleteUser" data-provider="UserNames" finished-at="2024-01-09T21:02:09 IST" depends-on-methods="api.tests.testDataProvider.testPostUser" duration-ms="1123" status="PASS">
          <params>
            <param index="0">
              <value>
                <![CDATA[testUser1]]>
              </value>
            </param>
          </params>
          <reporter-output>
          </reporter-output>
        </test-method> <!-- testDeleteUser -->
        <test-method signature="testDeleteUser(java.lang.String)[pri:0, instance:api.tests.testDataProvider@6892b3b6]" started-at="2024-01-09T21:02:09 IST" name="testDeleteUser" data-provider="UserNames" finished-at="2024-01-09T21:02:10 IST" depends-on-methods="api.tests.testDataProvider.testPostUser" duration-ms="1131" status="PASS">
          <params>
            <param index="0">
              <value>
                <![CDATA[testUser2]]>
              </value>
            </param>
          </params>
          <reporter-output>
          </reporter-output>
        </test-method> <!-- testDeleteUser -->
        <test-method signature="testDeleteUser(java.lang.String)[pri:0, instance:api.tests.testDataProvider@6892b3b6]" started-at="2024-01-09T21:02:10 IST" name="testDeleteUser" data-provider="UserNames" finished-at="2024-01-09T21:02:12 IST" depends-on-methods="api.tests.testDataProvider.testPostUser" duration-ms="1172" status="PASS">
          <params>
            <param index="0">
              <value>
                <![CDATA[testUser3]]>
              </value>
            </param>
          </params>
          <reporter-output>
          </reporter-output>
        </test-method> <!-- testDeleteUser -->
      </class> <!-- api.tests.testDataProvider -->
      <class name="api.tests.UserTests1">
        <test-method is-config="true" signature="setupData()[pri:0, instance:api.tests.UserTests1@6e6f2380]" started-at="2024-01-09T21:02:12 IST" name="setupData" finished-at="2024-01-09T21:02:12 IST" duration-ms="67" status="PASS">
          <reporter-output>
          </reporter-output>
        </test-method> <!-- setupData -->
        <test-method signature="testPostUser()[pri:0, instance:api.tests.UserTests1@6e6f2380]" started-at="2024-01-09T21:02:12 IST" name="testPostUser" finished-at="2024-01-09T21:02:13 IST" duration-ms="1137" status="PASS">
          <reporter-output>
          </reporter-output>
        </test-method> <!-- testPostUser -->
        <test-method signature="testGetUserByName()[pri:0, instance:api.tests.UserTests1@6e6f2380]" started-at="2024-01-09T21:02:13 IST" name="testGetUserByName" finished-at="2024-01-09T21:02:14 IST" depends-on-methods="api.tests.UserTests1.testPostUser" duration-ms="1128" status="PASS">
          <reporter-output>
          </reporter-output>
        </test-method> <!-- testGetUserByName -->
        <test-method signature="testUserUpdateUserByFirstName()[pri:0, instance:api.tests.UserTests1@6e6f2380]" started-at="2024-01-09T21:02:14 IST" name="testUserUpdateUserByFirstName" finished-at="2024-01-09T21:02:16 IST" depends-on-methods="api.tests.UserTests1.testGetUserByName" duration-ms="2279" status="PASS">
          <reporter-output>
          </reporter-output>
        </test-method> <!-- testUserUpdateUserByFirstName -->
        <test-method signature="testDeleteUserByUserName()[pri:0, instance:api.tests.UserTests1@6e6f2380]" started-at="2024-01-09T21:02:16 IST" name="testDeleteUserByUserName" finished-at="2024-01-09T21:02:17 IST" depends-on-methods="api.tests.UserTests1.testUserUpdateUserByFirstName" duration-ms="1167" status="PASS">
          <reporter-output>
          </reporter-output>
        </test-method> <!-- testDeleteUserByUserName -->
      </class> <!-- api.tests.UserTests1 -->
    </test> <!-- PetTests -->
  </suite> <!-- PetSuite -->
</testng-results>
