<?xml version="1.0" encoding="UTF-8"?>
<testsuite xmlns:xsi="http://www.w3.org/2001/XMLSchema-instance" xsi:noNamespaceSchemaLocation="https://maven.apache.org/surefire/maven-surefire-plugin/xsd/surefire-test-report-3.0.xsd" version="3.0" name="TestSuite" time="30.652" tests="14" errors="0" skipped="0" failures="0">
  <properties>
[...]
</properties>
  <testcase name="testPostUser" classname="api.tests.UserTests" time="8.422">
    <system-out><![CDATA[HTTP/1.1 200 OK
Date: Tue, 09 Jan 2024 15:31:57 GMT
Content-Type: application/json
Transfer-Encoding: chunked
Connection: keep-alive
Access-Control-Allow-Origin: *
Access-Control-Allow-Methods: GET, POST, DELETE, PUT
Access-Control-Allow-Headers: Content-Type, api_key, Authorization
Server: Jetty(9.2.9.v20150224)

{
    "code": 200,
    "type": "unknown",
    "message": "1689924104"
}
]]></system-out>
    <system-err><![CDATA[SLF4J: Failed to load class "org.slf4j.impl.StaticLoggerBinder".
SLF4J: Defaulting to no-operation (NOP) logger implementation
SLF4J: See http://www.slf4j.org/codes.html#StaticLoggerBinder for further details.
]]></system-err>
  </testcase>
  <testcase name="testGetUserByName" classname="api.tests.UserTests" time="1.353">
    <system-out><![CDATA[https://petstore.swagger.io/v2/user/{username}
HTTP/1.1 200 OK
Date: Tue, 09 Jan 2024 15:31:58 GMT
Content-Type: application/json
Transfer-Encoding: chunked
Connection: keep-alive
Access-Control-Allow-Origin: *
Access-Control-Allow-Methods: GET, POST, DELETE, PUT
Access-Control-Allow-Headers: Content-Type, api_key, Authorization
Server: Jetty(9.2.9.v20150224)

{
    "id": 1689924104,
    "username": "alphonso.kohler",
    "firstName": "Kermit",
    "lastName": "Bayer",
    "email": "celesta.gutmann@gmail.com",
    "password": "g80oa0vs0",
    "phone": "798.684.7777",
    "userStatus": 0
}
]]></system-out>
  </testcase>
  <testcase name="testUserUpdateUserByFirstName" classname="api.tests.UserTests" time="2.458">
    <system-out><![CDATA[{
    "code": 200,
    "type": "unknown",
    "message": "1689924104"
}
https://petstore.swagger.io/v2/user/{username}
{
    "id": 1689924104,
    "username": "alphonso.kohler",
    "firstName": "Valorie",
    "lastName": "Hoeger",
    "email": "johnathon.nolan@yahoo.com",
    "password": "g80oa0vs0",
    "phone": "798.684.7777",
    "userStatus": 0
}
]]></system-out>
  </testcase>
  <testcase name="testDeleteUserByUserName" classname="api.tests.UserTests" time="1.221">
    <system-out><![CDATA[{
    "code": 200,
    "type": "unknown",
    "message": "alphonso.kohler"
}
]]></system-out>
  </testcase>
  <testcase name="testPostUser[12345010, testUser1, John, Canedy, a@gmail.com, test@1, 1234567897](1)" classname="api.tests.testDataProvider" time="1.235"/>
  <testcase name="testPostUser[12345011, testUser2, Kim, Kom, b@gmail.com, test@2, 1234567897](2)" classname="api.tests.testDataProvider" time="1.149"/>
  <testcase name="testPostUser[12345012, testUser3, Smith, Steve, c@gmail.com, test@3, 1234567897](3)" classname="api.tests.testDataProvider" time="1.141"/>
  <testcase name="testDeleteUser[testUser1](1)" classname="api.tests.testDataProvider" time="1.127">
    <system-out><![CDATA[{
    "code": 200,
    "type": "unknown",
    "message": "testUser1"
}
]]></system-out>
  </testcase>
  <testcase name="testDeleteUser[testUser2](2)" classname="api.tests.testDataProvider" time="1.136">
    <system-out><![CDATA[{
    "code": 200,
    "type": "unknown",
    "message": "testUser2"
}
]]></system-out>
  </testcase>
  <testcase name="testDeleteUser[testUser3](3)" classname="api.tests.testDataProvider" time="1.172">
    <system-out><![CDATA[{
    "code": 200,
    "type": "unknown",
    "message": "testUser3"
}
]]></system-out>
  </testcase>
  <testcase name="testPostUser" classname="api.tests.UserTests1" time="1.165">
    <system-out><![CDATA[HTTP/1.1 200 OK
Date: Tue, 09 Jan 2024 15:32:12 GMT
Content-Type: application/json
Transfer-Encoding: chunked
Connection: keep-alive
Access-Control-Allow-Origin: *
Access-Control-Allow-Methods: GET, POST, DELETE, PUT
Access-Control-Allow-Headers: Content-Type, api_key, Authorization
Server: Jetty(9.2.9.v20150224)

{
    "code": 200,
    "type": "unknown",
    "message": "542135392"
}
]]></system-out>
  </testcase>
  <testcase name="testGetUserByName" classname="api.tests.UserTests1" time="1.131">
    <system-out><![CDATA[https://petstore.swagger.io/v2/user/{username}
HTTP/1.1 200 OK
Date: Tue, 09 Jan 2024 15:32:13 GMT
Content-Type: application/json
Transfer-Encoding: chunked
Connection: keep-alive
Access-Control-Allow-Origin: *
Access-Control-Allow-Methods: GET, POST, DELETE, PUT
Access-Control-Allow-Headers: Content-Type, api_key, Authorization
Server: Jetty(9.2.9.v20150224)

{
    "id": 542135392,
    "username": "catherine.morar",
    "firstName": "Tarra",
    "lastName": "Bergstrom",
    "email": "ervin.hansen@yahoo.com",
    "password": "fnok39",
    "phone": "(145) 920-5392",
    "userStatus": 0
}
]]></system-out>
  </testcase>
  <testcase name="testUserUpdateUserByFirstName" classname="api.tests.UserTests1" time="2.27">
    <system-out><![CDATA[{
    "code": 200,
    "type": "unknown",
    "message": "542135392"
}
https://petstore.swagger.io/v2/user/{username}
{
    "id": 542135392,
    "username": "catherine.morar",
    "firstName": "Sang",
    "lastName": "Christiansen",
    "email": "lindsey.hegmann@hotmail.com",
    "password": "fnok39",
    "phone": "(145) 920-5392",
    "userStatus": 0
}
]]></system-out>
  </testcase>
  <testcase name="testDeleteUserByUserName" classname="api.tests.UserTests1" time="1.16">
    <system-out><![CDATA[{
    "code": 200,
    "type": "unknown",
    "message": "catherine.morar"
}
]]></system-out>
  </testcase>
</testsuite>