<?xml version="1.0" encoding="UTF-8"?>
<!-- Generated by org.testng.reporters.JUnitXMLReporter -->
<testsuite ignored="0" hostname="LAPTOP-MKD438R2" failures="0" tests="14" name="PetTests" time="29.203" errors="0" timestamp="2024-01-09T21:02:18 IST">
  <testcase classname="api.tests.UserTests" name="testPostUser" time="8.394"/>
  <testcase classname="api.tests.UserTests" name="testGetUserByName" time="1.336"/>
  <testcase classname="api.tests.UserTests" name="testUserUpdateUserByFirstName" time="2.473"/>
  <testcase classname="api.tests.UserTests" name="testDeleteUserByUserName" time="1.223"/>
  <testcase classname="api.tests.testDataProvider" name="testPostUser" time="1.234"/>
  <testcase classname="api.tests.testDataProvider" name="testPostUser" time="1.149"/>
  <testcase classname="api.tests.testDataProvider" name="testPostUser" time="1.142"/>
  <testcase classname="api.tests.testDataProvider" name="testDeleteUser" time="1.123"/>
  <testcase classname="api.tests.testDataProvider" name="testDeleteUser" time="1.131"/>
  <testcase classname="api.tests.testDataProvider" name="testDeleteUser" time="1.172"/>
  <testcase classname="api.tests.UserTests1" name="testPostUser" time="1.137"/>
  <testcase classname="api.tests.UserTests1" name="testGetUserByName" time="1.128"/>
  <testcase classname="api.tests.UserTests1" name="testUserUpdateUserByFirstName" time="2.279"/>
  <testcase classname="api.tests.UserTests1" name="testDeleteUserByUserName" time="1.167"/>
</testsuite> <!-- PetTests -->
